创建一个服务端口:8081
监听服务准备就绪事件！
Server on Port: => 8081
/publish/login localhost:8081
/publish/login localhost:8081
账号或密码不对！
/publish/login localhost:8081
/publish/login localhost:8081
/publish/home/projects localhost:8081
/publish/home/projects localhost:8081
{ userPool:
   { admin:
      { passWord: '5711663123',
        priKey: '',
        token: '',
        authorization: '*',
        projects: [Array],
        name: 'admin',
        uuid: 1598962961067,
        time: 1598966561072 },
     tourist:
      { passWord: '123456',
        priKey: '',
        token: '',
        authorization: '*',
        projects: [],
        name: 'tourist',
        uuid: 1598945236934,
        time: 1598948836949 } } }
{ projects:
   { 'fbcad101-5d56-409a-a183-373ff2243edd_1':
      { id: 'fbcad101-5d56-409a-a183-373ff2243edd_1',
        name: '1',
        gitName: 'Publish-View',
        version: '0.1.0',
        description: '没有描述',
        url: 'https://github.com/zhuqingyv/Publish-View.git' },
     '96a66a26-3f12-4984-af8f-bda2479815d8_2':
      { id: '96a66a26-3f12-4984-af8f-bda2479815d8_2',
        name: '2',
        gitName: 'Publish-View',
        version: '0.1.0',
        description: '没有描述',
        url: 'https://github.com/zhuqingyv/Publish-View.git' } } }
